e:\sasa\univ\sem3\c++\lab1\tic-tac-toe\tic-tac-toe\tic-tac-toe\x64\debug\vc143.pdb
e:\sasa\univ\sem3\c++\lab1\tic-tac-toe\tic-tac-toe\tic-tac-toe\x64\debug\vc143.idb
e:\sasa\univ\sem3\c++\lab1\tic-tac-toe\tic-tac-toe\tic-tac-toe\x64\debug\statistic.obj
e:\sasa\univ\sem3\c++\lab1\tic-tac-toe\tic-tac-toe\tic-tac-toe\x64\debug\main.obj
e:\sasa\univ\sem3\c++\lab1\tic-tac-toe\tic-tac-toe\x64\debug\tic-tac-toe.exe
e:\sasa\univ\sem3\c++\lab1\tic-tac-toe\tic-tac-toe\x64\debug\tic-tac-toe.pdb
e:\sasa\univ\sem3\c++\lab1\tic-tac-toe\tic-tac-toe\x64\debug\sqlite3.dll
e:\sasa\univ\sem3\c++\lab1\tic-tac-toe\tic-tac-toe\tic-tac-toe\x64\debug\tic-tac-toe.ilk
e:\sasa\univ\sem3\c++\lab1\tic-tac-toe\tic-tac-toe\tic-tac-toe\x64\debug\board.obj
e:\sasa\univ\sem3\c++\lab1\tic-tac-toe\tic-tac-toe\tic-tac-toe\x64\debug\cell.obj
e:\sasa\univ\sem3\c++\lab1\tic-tac-toe\tic-tac-toe\tic-tac-toe\x64\debug\gameengine.obj
e:\sasa\univ\sem3\c++\lab1\tic-tac-toe\tic-tac-toe\tic-tac-toe\x64\debug\player.obj
e:\sasa\univ\sem3\c++\lab1\tic-tac-toe\tic-tac-toe\tic-tac-toe\x64\debug\point.obj
e:\sasa\univ\sem3\c++\lab1\tic-tac-toe\tic-tac-toe\tic-tac-toe\x64\debug\tic-tac-toe.tlog\cl.command.1.tlog
e:\sasa\univ\sem3\c++\lab1\tic-tac-toe\tic-tac-toe\tic-tac-toe\x64\debug\tic-tac-toe.tlog\cl.items.tlog
e:\sasa\univ\sem3\c++\lab1\tic-tac-toe\tic-tac-toe\tic-tac-toe\x64\debug\tic-tac-toe.tlog\cl.read.1.tlog
e:\sasa\univ\sem3\c++\lab1\tic-tac-toe\tic-tac-toe\tic-tac-toe\x64\debug\tic-tac-toe.tlog\cl.write.1.tlog
e:\sasa\univ\sem3\c++\lab1\tic-tac-toe\tic-tac-toe\tic-tac-toe\x64\debug\tic-tac-toe.tlog\link.command.1.tlog
e:\sasa\univ\sem3\c++\lab1\tic-tac-toe\tic-tac-toe\tic-tac-toe\x64\debug\tic-tac-toe.tlog\link.read.1.tlog
e:\sasa\univ\sem3\c++\lab1\tic-tac-toe\tic-tac-toe\tic-tac-toe\x64\debug\tic-tac-toe.tlog\link.secondary.1.tlog
e:\sasa\univ\sem3\c++\lab1\tic-tac-toe\tic-tac-toe\tic-tac-toe\x64\debug\tic-tac-toe.tlog\link.write.1.tlog
e:\sasa\univ\sem3\c++\lab1\tic-tac-toe\tic-tac-toe\tic-tac-toe\x64\debug\tic-tac-toe.tlog\tic-tac-toe.write.1u.tlog
